Determining if the pthread_create exist failed with the following output:
Change Dir: /home/robot/catkin_ws/build/CMakeFiles/CMakeTmp

Run Build Command:"/usr/bin/make" "cmTryCompileExec3606825290/fast"
/usr/bin/make -f CMakeFiles/cmTryCompileExec3606825290.dir/build.make CMakeFiles/cmTryCompileExec3606825290.dir/build
make[1]: Entering directory '/home/robot/catkin_ws/build/CMakeFiles/CMakeTmp'
/usr/bin/cmake -E cmake_progress_report /home/robot/catkin_ws/build/CMakeFiles/CMakeTmp/CMakeFiles 1
Building C object CMakeFiles/cmTryCompileExec3606825290.dir/CheckSymbolExists.c.o
/usr/bin/cc    -o CMakeFiles/cmTryCompileExec3606825290.dir/CheckSymbolExists.c.o   -c /home/robot/catkin_ws/build/CMakeFiles/CMakeTmp/CheckSymbolExists.c
Linking C executable cmTryCompileExec3606825290
/usr/bin/cmake -E cmake_link_script CMakeFiles/cmTryCompileExec3606825290.dir/link.txt --verbose=1
/usr/bin/cc       CMakeFiles/cmTryCompileExec3606825290.dir/CheckSymbolExists.c.o  -o cmTryCompileExec3606825290 -rdynamic 
CMakeFiles/cmTryCompileExec3606825290.dir/CheckSymbolExists.c.o: In function `main':
CheckSymbolExists.c:(.text+0x38): undefined reference to `pthread_create'
collect2: error: ld returned 1 exit status
CMakeFiles/cmTryCompileExec3606825290.dir/build.make:88: recipe for target 'cmTryCompileExec3606825290' failed
make[1]: Leaving directory '/home/robot/catkin_ws/build/CMakeFiles/CMakeTmp'
make[1]: *** [cmTryCompileExec3606825290] Error 1
Makefile:118: recipe for target 'cmTryCompileExec3606825290/fast' failed
make: *** [cmTryCompileExec3606825290/fast] Error 2

File /home/robot/catkin_ws/build/CMakeFiles/CMakeTmp/CheckSymbolExists.c:
/* */
#include <pthread.h>

int main(int argc, char** argv)
{
  (void)argv;
#ifndef pthread_create
  return ((int*)(&pthread_create))[argc];
#else
  (void)argc;
  return 0;
#endif
}

Determining if the function pthread_create exists in the pthreads failed with the following output:
Change Dir: /home/robot/catkin_ws/build/CMakeFiles/CMakeTmp

Run Build Command:"/usr/bin/make" "cmTryCompileExec4281390198/fast"
/usr/bin/make -f CMakeFiles/cmTryCompileExec4281390198.dir/build.make CMakeFiles/cmTryCompileExec4281390198.dir/build
make[1]: Entering directory '/home/robot/catkin_ws/build/CMakeFiles/CMakeTmp'
/usr/bin/cmake -E cmake_progress_report /home/robot/catkin_ws/build/CMakeFiles/CMakeTmp/CMakeFiles 1
Building C object CMakeFiles/cmTryCompileExec4281390198.dir/CheckFunctionExists.c.o
/usr/bin/cc   -DCHECK_FUNCTION_EXISTS=pthread_create   -o CMakeFiles/cmTryCompileExec4281390198.dir/CheckFunctionExists.c.o   -c /usr/share/cmake-3.0/Modules/CheckFunctionExists.c
Linking C executable cmTryCompileExec4281390198
/usr/bin/cmake -E cmake_link_script CMakeFiles/cmTryCompileExec4281390198.dir/link.txt --verbose=1
/usr/bin/cc   -DCHECK_FUNCTION_EXISTS=pthread_create    CMakeFiles/cmTryCompileExec4281390198.dir/CheckFunctionExists.c.o  -o cmTryCompileExec4281390198 -rdynamic -lpthreads 
/usr/bin/ld: cannot find -lpthreads
collect2: error: ld returned 1 exit status
CMakeFiles/cmTryCompileExec4281390198.dir/build.make:88: recipe for target 'cmTryCompileExec4281390198' failed
make[1]: Leaving directory '/home/robot/catkin_ws/build/CMakeFiles/CMakeTmp'
make[1]: *** [cmTryCompileExec4281390198] Error 1
Makefile:118: recipe for target 'cmTryCompileExec4281390198/fast' failed
make: *** [cmTryCompileExec4281390198/fast] Error 2


